<?xml version="1.0" encoding="UTF-8"?>
<testng-results ignored="0" total="1" passed="1" failed="0" skipped="0">
  <reporter-output>
  </reporter-output>
  <suite started-at="2024-02-08T02:30:15 IST" name="Default suite" finished-at="2024-02-08T02:30:19 IST" duration-ms="3778">
    <groups>
    </groups>
    <test started-at="2024-02-08T02:30:15 IST" name="Default test" finished-at="2024-02-08T02:30:19 IST" duration-ms="3778">
      <class name="Assertion.Facebook_Assert_pass">
        <test-method signature="assertion()[pri:0, instance:Assertion.Facebook_Assert_pass@3232a28a]" started-at="2024-02-08T02:30:15 IST" name="assertion" finished-at="2024-02-08T02:30:19 IST" duration-ms="3734" status="PASS">
          <reporter-output>
          </reporter-output>
        </test-method> <!-- assertion -->
      </class> <!-- Assertion.Facebook_Assert_pass -->
    </test> <!-- Default test -->
  </suite> <!-- Default suite -->
</testng-results>
